<!DOCTYPE html PUBLIC "-//W3C//DTD XHTML 1.1//EN" "http://www.w3.org/TR/xhtml11/DTD/xhtml11.dtd">
<html xmlns="http://www.w3.org/1999/xhtml"><head><title>TestNG Report</title><style type="text/css">table {margin-bottom:10px;border-collapse:collapse;empty-cells:show}th,td {border:1px solid #009;padding:.25em .5em}th {vertical-align:bottom}td {vertical-align:top}table a {font-weight:bold}.stripe td {background-color: #E6EBF9}.num {text-align:right}.passedodd td {background-color: #3F3}.passedeven td {background-color: #0A0}.skippedodd td {background-color: #DDD}.skippedeven td {background-color: #CCC}.failedodd td,.attn {background-color: #F33}.failedeven td,.stripe .attn {background-color: #D00}.stacktrace {white-space:pre;font-family:monospace}.totop {font-size:85%;text-align:center;border-bottom:2px solid #000}</style></head><body><table><tr><th>Test</th><th># Passed</th><th># Skipped</th><th># Failed</th><th>Time (ms)</th><th>Included Groups</th><th>Excluded Groups</th></tr><tr><th colspan="7">HybridFrameWork</th></tr><tr><td><a href="#t0">AgilityTestNGpackage1</a></td><td class="num">3</td><td class="num">0</td><td class="num attn">6</td><td class="num">130,109</td><td></td><td></td></tr><tr class="stripe"><td><a href="#t1">AgilityTestNGpackage2</a></td><td class="num">9</td><td class="num">0</td><td class="num">0</td><td class="num">81,340</td><td></td><td></td></tr><tr><th>Total</th><th class="num">12</th><th class="num">0</th><th class="num attn">6</th><th class="num">211,449</th><th colspan="2"></th></tr></table><table><thead><tr><th>Class</th><th>Method</th><th>Start</th><th>Time (ms)</th></tr></thead><tbody><tr><th colspan="4">HybridFrameWork</th></tr></tbody><tbody id="t0"><tr><th colspan="4">AgilityTestNGpackage1 &#8212; failed (configuration methods)</th></tr><tr class="failedeven"><td rowspan="1">AgilityTestNGpackage.ReusableTestMethods</td><td><a href="#m0">closeApplication</a></td><td rowspan="1">1568098541044</td><td rowspan="1">0</td></tr><tr><th colspan="4">AgilityTestNGpackage1 &#8212; failed</th></tr><tr class="failedeven"><td rowspan="6">AgilityTestNGpackage.ReusableTestMethods</td><td><a href="#m1">checkMonitorAndMeasure</a></td><td rowspan="1">1568098500276</td><td rowspan="1">20539</td></tr><tr class="failedeven"><td><a href="#m2">checkingColours</a></td><td rowspan="1">1568098541016</td><td rowspan="1">24</td></tr><tr class="failedeven"><td><a href="#m3">countingFlipperCards</a></td><td rowspan="1">1568098520817</td><td rowspan="1">20143</td></tr><tr class="failedeven"><td><a href="#m4">recurrenceButtonCheck</a></td><td rowspan="1">1568098540964</td><td rowspan="1">34</td></tr><tr class="failedeven"><td><a href="#m5">selectDatePicker</a></td><td rowspan="1">1568098479877</td><td rowspan="1">20396</td></tr><tr class="failedeven"><td><a href="#m6">selectDropDownBox</a></td><td rowspan="1">1568098477351</td><td rowspan="1">2514</td></tr><tr><th colspan="4">AgilityTestNGpackage1 &#8212; passed</th></tr><tr class="passedeven"><td rowspan="3">AgilityTestNGpackage.ReusableTestMethods</td><td><a href="#m7">checkCountInDropDownBox</a></td><td rowspan="1">1568098460248</td><td rowspan="1">17101</td></tr><tr class="passedeven"><td><a href="#m8">enterLoginDetails</a></td><td rowspan="1">1568098457483</td><td rowspan="1">2761</td></tr><tr class="passedeven"><td><a href="#m9">launchApplicationChrome</a></td><td rowspan="1">1568098412964</td><td rowspan="1">44516</td></tr></tbody><tbody id="t1"><tr><th colspan="4">AgilityTestNGpackage2 &#8212; passed</th></tr><tr class="passedeven"><td rowspan="9">AgilityTestNGpackage.ReusableTestMethods</td><td><a href="#m10">checkCountInDropDownBox</a></td><td rowspan="1">1568098591737</td><td rowspan="1">15408</td></tr><tr class="passedeven"><td><a href="#m11">checkMonitorAndMeasure</a></td><td rowspan="1">1568098621305</td><td rowspan="1">540</td></tr><tr class="passedeven"><td><a href="#m12">checkingColours</a></td><td rowspan="1">1568098624289</td><td rowspan="1">86</td></tr><tr class="passedeven"><td><a href="#m13">countingFlipperCards</a></td><td rowspan="1">1568098621846</td><td rowspan="1">72</td></tr><tr class="passedeven"><td><a href="#m14">enterLoginDetails</a></td><td rowspan="1">1568098588619</td><td rowspan="1">3114</td></tr><tr class="passedeven"><td><a href="#m15">launchApplicationChrome</a></td><td rowspan="1">1568098543144</td><td rowspan="1">45473</td></tr><tr class="passedeven"><td><a href="#m16">recurrenceButtonCheck</a></td><td rowspan="1">1568098621919</td><td rowspan="1">2368</td></tr><tr class="passedeven"><td><a href="#m17">selectDatePicker</a></td><td rowspan="1">1568098610615</td><td rowspan="1">10689</td></tr><tr class="passedeven"><td><a href="#m18">selectDropDownBox</a></td><td rowspan="1">1568098607147</td><td rowspan="1">3467</td></tr></tbody></table><h2>AgilityTestNGpackage1</h2><h3 id="m0">AgilityTestNGpackage.ReusableTestMethods#closeApplication</h3><table class="result"><tr><th>Exception</th></tr><tr><td><div class="stacktrace">org.openqa.selenium.WebDriverException: chrome not reachable
  (Session info: chrome=76.0.3809.132)
  (Driver info: chromedriver=76.0.3809.126 (d80a294506b4c9d18015e755cee48f953ddc3f2f-refs/branch-heads/3809@{#1024}),platform=Windows NT 6.1.7601 SP1 x86) (WARNING: The server did not provide any stacktrace information)
Command duration or timeout: 2.01 seconds
Build info: version: &apos;2.44.0&apos;, revision: &apos;76d78cf&apos;, time: &apos;2014-10-23 20:02:37&apos;
System info: host: &apos;US1LT-RGUNTURU&apos;, ip: &apos;10.192.4.125&apos;, os.name: &apos;Windows 7&apos;, os.arch: &apos;x86&apos;, os.version: &apos;6.1&apos;, java.version: &apos;1.8.0_212&apos;
Driver info: org.openqa.selenium.chrome.ChromeDriver
Capabilities [{mobileEmulationEnabled=false, timeouts={implicit=0, pageLoad=300000, script=30000}, hasTouchScreen=false, platform=XP, acceptSslCerts=false, goog:chromeOptions={debuggerAddress=localhost:54935}, acceptInsecureCerts=false, webStorageEnabled=true, browserName=chrome, takesScreenshot=true, javascriptEnabled=true, setWindowRect=true, unexpectedAlertBehaviour=ignore, applicationCacheEnabled=false, rotatable=false, networkConnectionEnabled=false, chrome={chromedriverVersion=76.0.3809.126 (d80a294506b4c9d18015e755cee48f953ddc3f2f-refs/branch-heads/3809@{#1024}), userDataDir=C:\Users\rgunturu\AppData\Local\Temp\scoped_dir8652_1802743441}, takesHeapSnapshot=true, pageLoadStrategy=normal, strictFileInteractability=false, databaseEnabled=false, handlesAlerts=true, version=76.0.3809.132, browserConnectionEnabled=false, proxy={}, nativeEvents=true, locationContextEnabled=true, cssSelectorsEnabled=true}]
Session ID: 67020816a4e90544f8c786ed751a3a3b
	at org.openqa.selenium.remote.ErrorHandler.createThrowable(ErrorHandler.java:204)
	at org.openqa.selenium.remote.ErrorHandler.throwIfResponseFailed(ErrorHandler.java:156)
	at org.openqa.selenium.remote.RemoteWebDriver.execute(RemoteWebDriver.java:599)
	at org.openqa.selenium.remote.RemoteWebDriver.execute(RemoteWebDriver.java:614)
	at org.openqa.selenium.remote.RemoteWebDriver.close(RemoteWebDriver.java:463)
	at AgilityTestNGpackage.ReusableTestMethods.closeApplication(ReusableTestMethods.java:487)
... Removed 28 stack frames</div></td></tr></table><p class="totop"><a href="#summary">back to summary</a></p><h3 id="m1">AgilityTestNGpackage.ReusableTestMethods#checkMonitorAndMeasure</h3><table class="result"><tr><th>Exception</th></tr><tr><td><div class="stacktrace">org.openqa.selenium.NoSuchElementException: no such element: Unable to locate element: {&quot;method&quot;:&quot;xpath&quot;,&quot;selector&quot;:&quot;/html/body/app-root/app-mainpage/mat-sidenav-container/mat-sidenav-content/app-monitoring-measurements/div/div[2]/div[1]/div/div[1]/div/span&quot;}
  (Session info: chrome=76.0.3809.132)
  (Driver info: chromedriver=76.0.3809.126 (d80a294506b4c9d18015e755cee48f953ddc3f2f-refs/branch-heads/3809@{#1024}),platform=Windows NT 6.1.7601 SP1 x86) (WARNING: The server did not provide any stacktrace information)
Command duration or timeout: 20.05 seconds
For documentation on this error, please visit: http://seleniumhq.org/exceptions/no_such_element.html
Build info: version: &apos;2.44.0&apos;, revision: &apos;76d78cf&apos;, time: &apos;2014-10-23 20:02:37&apos;
System info: host: &apos;US1LT-RGUNTURU&apos;, ip: &apos;10.192.4.125&apos;, os.name: &apos;Windows 7&apos;, os.arch: &apos;x86&apos;, os.version: &apos;6.1&apos;, java.version: &apos;1.8.0_212&apos;
Driver info: org.openqa.selenium.chrome.ChromeDriver
Capabilities [{mobileEmulationEnabled=false, timeouts={implicit=0, pageLoad=300000, script=30000}, hasTouchScreen=false, platform=XP, acceptSslCerts=false, goog:chromeOptions={debuggerAddress=localhost:54935}, acceptInsecureCerts=false, webStorageEnabled=true, browserName=chrome, takesScreenshot=true, javascriptEnabled=true, setWindowRect=true, unexpectedAlertBehaviour=ignore, applicationCacheEnabled=false, rotatable=false, networkConnectionEnabled=false, chrome={chromedriverVersion=76.0.3809.126 (d80a294506b4c9d18015e755cee48f953ddc3f2f-refs/branch-heads/3809@{#1024}), userDataDir=C:\Users\rgunturu\AppData\Local\Temp\scoped_dir8652_1802743441}, takesHeapSnapshot=true, pageLoadStrategy=normal, strictFileInteractability=false, databaseEnabled=false, handlesAlerts=true, version=76.0.3809.132, browserConnectionEnabled=false, proxy={}, nativeEvents=true, locationContextEnabled=true, cssSelectorsEnabled=true}]
Session ID: 67020816a4e90544f8c786ed751a3a3b
	at org.openqa.selenium.remote.ErrorHandler.createThrowable(ErrorHandler.java:204)
	at org.openqa.selenium.remote.ErrorHandler.throwIfResponseFailed(ErrorHandler.java:156)
	at org.openqa.selenium.remote.RemoteWebDriver.execute(RemoteWebDriver.java:599)
	at org.openqa.selenium.remote.RemoteWebDriver.findElement(RemoteWebDriver.java:352)
	at org.openqa.selenium.remote.RemoteWebDriver.findElementByXPath(RemoteWebDriver.java:449)
	at org.openqa.selenium.By$ByXPath.findElement(By.java:357)
	at org.openqa.selenium.remote.RemoteWebDriver.findElement(RemoteWebDriver.java:344)
	at org.openqa.selenium.support.pagefactory.DefaultElementLocator.findElement(DefaultElementLocator.java:59)
	at org.openqa.selenium.support.pagefactory.internal.LocatingElementHandler.invoke(LocatingElementHandler.java:37)
	at com.sun.proxy.$Proxy8.getAttribute(Unknown Source)
	at AgilityTestNGpackage.ReusableTestMethods.checkMonitorAndMeasure(ReusableTestMethods.java:178)
... Removed 28 stack frames</div></td></tr></table><p class="totop"><a href="#summary">back to summary</a></p><h3 id="m2">AgilityTestNGpackage.ReusableTestMethods#checkingColours</h3><table class="result"><tr><th>Exception</th></tr><tr><td><div class="stacktrace">org.openqa.selenium.NoSuchWindowException: no such window: target window already closed
from unknown error: web view not found
  (Session info: chrome=76.0.3809.132)
  (Driver info: chromedriver=76.0.3809.126 (d80a294506b4c9d18015e755cee48f953ddc3f2f-refs/branch-heads/3809@{#1024}),platform=Windows NT 6.1.7601 SP1 x86) (WARNING: The server did not provide any stacktrace information)
Command duration or timeout: 23 milliseconds
Build info: version: &apos;2.44.0&apos;, revision: &apos;76d78cf&apos;, time: &apos;2014-10-23 20:02:37&apos;
System info: host: &apos;US1LT-RGUNTURU&apos;, ip: &apos;10.192.4.125&apos;, os.name: &apos;Windows 7&apos;, os.arch: &apos;x86&apos;, os.version: &apos;6.1&apos;, java.version: &apos;1.8.0_212&apos;
Driver info: org.openqa.selenium.chrome.ChromeDriver
Capabilities [{mobileEmulationEnabled=false, timeouts={implicit=0, pageLoad=300000, script=30000}, hasTouchScreen=false, platform=XP, acceptSslCerts=false, goog:chromeOptions={debuggerAddress=localhost:54935}, acceptInsecureCerts=false, webStorageEnabled=true, browserName=chrome, takesScreenshot=true, javascriptEnabled=true, setWindowRect=true, unexpectedAlertBehaviour=ignore, applicationCacheEnabled=false, rotatable=false, networkConnectionEnabled=false, chrome={chromedriverVersion=76.0.3809.126 (d80a294506b4c9d18015e755cee48f953ddc3f2f-refs/branch-heads/3809@{#1024}), userDataDir=C:\Users\rgunturu\AppData\Local\Temp\scoped_dir8652_1802743441}, takesHeapSnapshot=true, pageLoadStrategy=normal, strictFileInteractability=false, databaseEnabled=false, handlesAlerts=true, version=76.0.3809.132, browserConnectionEnabled=false, proxy={}, nativeEvents=true, locationContextEnabled=true, cssSelectorsEnabled=true}]
Session ID: 67020816a4e90544f8c786ed751a3a3b
	at org.openqa.selenium.remote.ErrorHandler.createThrowable(ErrorHandler.java:204)
	at org.openqa.selenium.remote.ErrorHandler.throwIfResponseFailed(ErrorHandler.java:156)
	at org.openqa.selenium.remote.RemoteWebDriver.execute(RemoteWebDriver.java:599)
	at org.openqa.selenium.remote.RemoteWebDriver.findElement(RemoteWebDriver.java:352)
	at org.openqa.selenium.remote.RemoteWebDriver.findElementByXPath(RemoteWebDriver.java:449)
	at org.openqa.selenium.By$ByXPath.findElement(By.java:357)
	at org.openqa.selenium.remote.RemoteWebDriver.findElement(RemoteWebDriver.java:344)
	at org.openqa.selenium.support.pagefactory.DefaultElementLocator.findElement(DefaultElementLocator.java:59)
	at org.openqa.selenium.support.pagefactory.internal.LocatingElementHandler.invoke(LocatingElementHandler.java:37)
	at com.sun.proxy.$Proxy8.getCssValue(Unknown Source)
	at AgilityTestNGpackage.ReusableTestMethods.checkingColours(ReusableTestMethods.java:476)
... Removed 28 stack frames</div></td></tr></table><p class="totop"><a href="#summary">back to summary</a></p><h3 id="m3">AgilityTestNGpackage.ReusableTestMethods#countingFlipperCards</h3><table class="result"><tr><th>Exception</th></tr><tr><td><div class="stacktrace">java.lang.NullPointerException
	at AgilityTestNGpackage.ReusableTestMethods.countingFlipperCards(ReusableTestMethods.java:418)
... Removed 24 stack frames</div></td></tr></table><p class="totop"><a href="#summary">back to summary</a></p><h3 id="m4">AgilityTestNGpackage.ReusableTestMethods#recurrenceButtonCheck</h3><table class="result"><tr><th>Exception</th></tr><tr><td><div class="stacktrace">org.openqa.selenium.NoSuchWindowException: no such window: target window already closed
from unknown error: web view not found
  (Session info: chrome=76.0.3809.132)
  (Driver info: chromedriver=76.0.3809.126 (d80a294506b4c9d18015e755cee48f953ddc3f2f-refs/branch-heads/3809@{#1024}),platform=Windows NT 6.1.7601 SP1 x86) (WARNING: The server did not provide any stacktrace information)
Command duration or timeout: 5 milliseconds
Build info: version: &apos;2.44.0&apos;, revision: &apos;76d78cf&apos;, time: &apos;2014-10-23 20:02:37&apos;
System info: host: &apos;US1LT-RGUNTURU&apos;, ip: &apos;10.192.4.125&apos;, os.name: &apos;Windows 7&apos;, os.arch: &apos;x86&apos;, os.version: &apos;6.1&apos;, java.version: &apos;1.8.0_212&apos;
Driver info: org.openqa.selenium.chrome.ChromeDriver
Capabilities [{mobileEmulationEnabled=false, timeouts={implicit=0, pageLoad=300000, script=30000}, hasTouchScreen=false, platform=XP, acceptSslCerts=false, goog:chromeOptions={debuggerAddress=localhost:54935}, acceptInsecureCerts=false, webStorageEnabled=true, browserName=chrome, takesScreenshot=true, javascriptEnabled=true, setWindowRect=true, unexpectedAlertBehaviour=ignore, applicationCacheEnabled=false, rotatable=false, networkConnectionEnabled=false, chrome={chromedriverVersion=76.0.3809.126 (d80a294506b4c9d18015e755cee48f953ddc3f2f-refs/branch-heads/3809@{#1024}), userDataDir=C:\Users\rgunturu\AppData\Local\Temp\scoped_dir8652_1802743441}, takesHeapSnapshot=true, pageLoadStrategy=normal, strictFileInteractability=false, databaseEnabled=false, handlesAlerts=true, version=76.0.3809.132, browserConnectionEnabled=false, proxy={}, nativeEvents=true, locationContextEnabled=true, cssSelectorsEnabled=true}]
Session ID: 67020816a4e90544f8c786ed751a3a3b
	at org.openqa.selenium.remote.ErrorHandler.createThrowable(ErrorHandler.java:204)
	at org.openqa.selenium.remote.ErrorHandler.throwIfResponseFailed(ErrorHandler.java:156)
	at org.openqa.selenium.remote.RemoteWebDriver.execute(RemoteWebDriver.java:599)
	at org.openqa.selenium.remote.RemoteWebDriver.findElement(RemoteWebDriver.java:352)
	at org.openqa.selenium.remote.RemoteWebDriver.findElementByXPath(RemoteWebDriver.java:449)
	at org.openqa.selenium.By$ByXPath.findElement(By.java:357)
	at org.openqa.selenium.remote.RemoteWebDriver.findElement(RemoteWebDriver.java:344)
	at org.openqa.selenium.support.pagefactory.DefaultElementLocator.findElement(DefaultElementLocator.java:59)
	at org.openqa.selenium.support.pagefactory.internal.LocatingElementHandler.invoke(LocatingElementHandler.java:37)
	at com.sun.proxy.$Proxy8.getWrappedElement(Unknown Source)
	at org.openqa.selenium.remote.internal.WebElementToJsonConverter.apply(WebElementToJsonConverter.java:48)
	at com.google.common.collect.Iterators$8.transform(Iterators.java:799)
	at com.google.common.collect.TransformedIterator.next(TransformedIterator.java:48)
	at com.google.common.collect.Iterators.addAll(Iterators.java:362)
	at com.google.common.collect.Lists.newArrayList(Lists.java:160)
	at com.google.common.collect.Lists.newArrayList(Lists.java:144)
	at org.openqa.selenium.remote.RemoteWebDriver.executeScript(RemoteWebDriver.java:506)
	at AgilityTestNGpackage.ReusableTestMethods.recurrenceButtonCheck(ReusableTestMethods.java:440)
... Removed 28 stack frames</div></td></tr></table><p class="totop"><a href="#summary">back to summary</a></p><h3 id="m5">AgilityTestNGpackage.ReusableTestMethods#selectDatePicker</h3><table class="result"><tr class="param"><th>Parameter #1</th><th>Parameter #2</th></tr><tr class="param stripe"><td>13/3/2019</td><td>23/8/2019</td></tr><tr><th colspan="2">Exception</th></tr><tr><td colspan="2"><div class="stacktrace">org.openqa.selenium.NoSuchElementException: no such element: Unable to locate element: {&quot;method&quot;:&quot;xpath&quot;,&quot;selector&quot;:&quot;//*[@id=&apos;mat-input-2&apos;]&quot;}
  (Session info: chrome=76.0.3809.132)
  (Driver info: chromedriver=76.0.3809.126 (d80a294506b4c9d18015e755cee48f953ddc3f2f-refs/branch-heads/3809@{#1024}),platform=Windows NT 6.1.7601 SP1 x86) (WARNING: The server did not provide any stacktrace information)
Command duration or timeout: 20.06 seconds
For documentation on this error, please visit: http://seleniumhq.org/exceptions/no_such_element.html
Build info: version: &apos;2.44.0&apos;, revision: &apos;76d78cf&apos;, time: &apos;2014-10-23 20:02:37&apos;
System info: host: &apos;US1LT-RGUNTURU&apos;, ip: &apos;10.192.4.125&apos;, os.name: &apos;Windows 7&apos;, os.arch: &apos;x86&apos;, os.version: &apos;6.1&apos;, java.version: &apos;1.8.0_212&apos;
Driver info: org.openqa.selenium.chrome.ChromeDriver
Capabilities [{mobileEmulationEnabled=false, timeouts={implicit=0, pageLoad=300000, script=30000}, hasTouchScreen=false, platform=XP, acceptSslCerts=false, goog:chromeOptions={debuggerAddress=localhost:54935}, acceptInsecureCerts=false, webStorageEnabled=true, browserName=chrome, takesScreenshot=true, javascriptEnabled=true, setWindowRect=true, unexpectedAlertBehaviour=ignore, applicationCacheEnabled=false, rotatable=false, networkConnectionEnabled=false, chrome={chromedriverVersion=76.0.3809.126 (d80a294506b4c9d18015e755cee48f953ddc3f2f-refs/branch-heads/3809@{#1024}), userDataDir=C:\Users\rgunturu\AppData\Local\Temp\scoped_dir8652_1802743441}, takesHeapSnapshot=true, pageLoadStrategy=normal, strictFileInteractability=false, databaseEnabled=false, handlesAlerts=true, version=76.0.3809.132, browserConnectionEnabled=false, proxy={}, nativeEvents=true, locationContextEnabled=true, cssSelectorsEnabled=true}]
Session ID: 67020816a4e90544f8c786ed751a3a3b
	at org.openqa.selenium.remote.ErrorHandler.createThrowable(ErrorHandler.java:204)
	at org.openqa.selenium.remote.ErrorHandler.throwIfResponseFailed(ErrorHandler.java:156)
	at org.openqa.selenium.remote.RemoteWebDriver.execute(RemoteWebDriver.java:599)
	at org.openqa.selenium.remote.RemoteWebDriver.findElement(RemoteWebDriver.java:352)
	at org.openqa.selenium.remote.RemoteWebDriver.findElementByXPath(RemoteWebDriver.java:449)
	at org.openqa.selenium.By$ByXPath.findElement(By.java:357)
	at org.openqa.selenium.remote.RemoteWebDriver.findElement(RemoteWebDriver.java:344)
	at org.openqa.selenium.support.pagefactory.DefaultElementLocator.findElement(DefaultElementLocator.java:59)
	at org.openqa.selenium.support.pagefactory.internal.LocatingElementHandler.invoke(LocatingElementHandler.java:37)
	at com.sun.proxy.$Proxy8.click(Unknown Source)
	at AgilityTestNGpackage.ReusableTestMethods.selectDatePicker(ReusableTestMethods.java:212)
... Removed 28 stack frames</div></td></tr></table><p class="totop"><a href="#summary">back to summary</a></p><h3 id="m6">AgilityTestNGpackage.ReusableTestMethods#selectDropDownBox</h3><table class="result"><tr class="param"><th>Parameter #1</th></tr><tr class="param stripe"><td>C:\\Users\\rgunturu\\Desktop\\JavaPractise\\HybridFrameWork Shared Folder\\Test Result\\A_dropDownBoxSelected.png</td></tr><tr><th>Exception</th></tr><tr><td><div class="stacktrace">org.openqa.selenium.WebDriverException: element click intercepted: Element is not clickable at point (608, 453)
  (Session info: chrome=76.0.3809.132)
  (Driver info: chromedriver=76.0.3809.126 (d80a294506b4c9d18015e755cee48f953ddc3f2f-refs/branch-heads/3809@{#1024}),platform=Windows NT 6.1.7601 SP1 x86) (WARNING: The server did not provide any stacktrace information)
Command duration or timeout: 109 milliseconds
Build info: version: &apos;2.44.0&apos;, revision: &apos;76d78cf&apos;, time: &apos;2014-10-23 20:02:37&apos;
System info: host: &apos;US1LT-RGUNTURU&apos;, ip: &apos;10.192.4.125&apos;, os.name: &apos;Windows 7&apos;, os.arch: &apos;x86&apos;, os.version: &apos;6.1&apos;, java.version: &apos;1.8.0_212&apos;
Driver info: org.openqa.selenium.chrome.ChromeDriver
Capabilities [{mobileEmulationEnabled=false, timeouts={implicit=0, pageLoad=300000, script=30000}, hasTouchScreen=false, platform=XP, acceptSslCerts=false, goog:chromeOptions={debuggerAddress=localhost:54935}, acceptInsecureCerts=false, webStorageEnabled=true, browserName=chrome, takesScreenshot=true, javascriptEnabled=true, setWindowRect=true, unexpectedAlertBehaviour=ignore, applicationCacheEnabled=false, rotatable=false, networkConnectionEnabled=false, chrome={chromedriverVersion=76.0.3809.126 (d80a294506b4c9d18015e755cee48f953ddc3f2f-refs/branch-heads/3809@{#1024}), userDataDir=C:\Users\rgunturu\AppData\Local\Temp\scoped_dir8652_1802743441}, takesHeapSnapshot=true, pageLoadStrategy=normal, strictFileInteractability=false, databaseEnabled=false, handlesAlerts=true, version=76.0.3809.132, browserConnectionEnabled=false, proxy={}, nativeEvents=true, locationContextEnabled=true, cssSelectorsEnabled=true}]
Session ID: 67020816a4e90544f8c786ed751a3a3b
	at org.openqa.selenium.remote.ErrorHandler.createThrowable(ErrorHandler.java:204)
	at org.openqa.selenium.remote.ErrorHandler.throwIfResponseFailed(ErrorHandler.java:156)
	at org.openqa.selenium.remote.RemoteWebDriver.execute(RemoteWebDriver.java:599)
	at org.openqa.selenium.remote.RemoteWebElement.execute(RemoteWebElement.java:268)
	at org.openqa.selenium.remote.RemoteWebElement.click(RemoteWebElement.java:79)
	at org.openqa.selenium.support.pagefactory.internal.LocatingElementHandler.invoke(LocatingElementHandler.java:50)
	at com.sun.proxy.$Proxy8.click(Unknown Source)
	at AgilityTestNGpackage.ReusableTestMethods.selectDropDownBox(ReusableTestMethods.java:159)
... Removed 32 stack frames</div></td></tr></table><p class="totop"><a href="#summary">back to summary</a></p><h3 id="m7">AgilityTestNGpackage.ReusableTestMethods#checkCountInDropDownBox</h3><table class="result"><tr class="param"><th>Parameter #1</th></tr><tr class="param stripe"><td>18</td></tr></table><p class="totop"><a href="#summary">back to summary</a></p><h3 id="m8">AgilityTestNGpackage.ReusableTestMethods#enterLoginDetails</h3><table class="result"><tr class="param"><th>Parameter #1</th><th>Parameter #2</th></tr><tr class="param stripe"><td>rgunturu</td><td>!@Htcbaka7101</td></tr></table><p class="totop"><a href="#summary">back to summary</a></p><h3 id="m9">AgilityTestNGpackage.ReusableTestMethods#launchApplicationChrome</h3><table class="result"><tr class="param"><th>Parameter #1</th></tr><tr class="param stripe"><td>http://10.201.208.130:8084/login</td></tr></table><p class="totop"><a href="#summary">back to summary</a></p><h2>AgilityTestNGpackage2</h2><h3 id="m10">AgilityTestNGpackage.ReusableTestMethods#checkCountInDropDownBox</h3><table class="result"><tr class="param"><th>Parameter #1</th></tr><tr class="param stripe"><td>28</td></tr></table><p class="totop"><a href="#summary">back to summary</a></p><h3 id="m11">AgilityTestNGpackage.ReusableTestMethods#checkMonitorAndMeasure</h3><table class="result"></table><p class="totop"><a href="#summary">back to summary</a></p><h3 id="m12">AgilityTestNGpackage.ReusableTestMethods#checkingColours</h3><table class="result"></table><p class="totop"><a href="#summary">back to summary</a></p><h3 id="m13">AgilityTestNGpackage.ReusableTestMethods#countingFlipperCards</h3><table class="result"></table><p class="totop"><a href="#summary">back to summary</a></p><h3 id="m14">AgilityTestNGpackage.ReusableTestMethods#enterLoginDetails</h3><table class="result"><tr class="param"><th>Parameter #1</th><th>Parameter #2</th></tr><tr class="param stripe"><td>rgunturu</td><td>!@Htcbaka7101</td></tr></table><p class="totop"><a href="#summary">back to summary</a></p><h3 id="m15">AgilityTestNGpackage.ReusableTestMethods#launchApplicationChrome</h3><table class="result"><tr class="param"><th>Parameter #1</th></tr><tr class="param stripe"><td>http://10.201.208.130:8084/login</td></tr></table><p class="totop"><a href="#summary">back to summary</a></p><h3 id="m16">AgilityTestNGpackage.ReusableTestMethods#recurrenceButtonCheck</h3><table class="result"></table><p class="totop"><a href="#summary">back to summary</a></p><h3 id="m17">AgilityTestNGpackage.ReusableTestMethods#selectDatePicker</h3><table class="result"><tr class="param"><th>Parameter #1</th><th>Parameter #2</th></tr><tr class="param stripe"><td>13/2/2019</td><td>23/6/2019</td></tr></table><p class="totop"><a href="#summary">back to summary</a></p><h3 id="m18">AgilityTestNGpackage.ReusableTestMethods#selectDropDownBox</h3><table class="result"><tr class="param"><th>Parameter #1</th></tr><tr class="param stripe"><td>C:\\Users\\rgunturu\\Desktop\\JavaPractise\\HybridFrameWork Shared Folder\\Test Result\\A_dropDownBoxSelected.png</td></tr></table><p class="totop"><a href="#summary">back to summary</a></p></body></html>