<!DOCTYPE html>

<html>
  <head>
  <title>TestNG reports</title>

    <link type="text/css" href="testng-reports.css" rel="stylesheet" />  
    <script type="text/javascript" src="jquery-1.7.1.min.js"></script>
    <script type="text/javascript" src="testng-reports.js"></script>
    <script type="text/javascript" src="https://www.google.com/jsapi"></script>
    <script type='text/javascript'>
      google.load('visualization', '1', {packages:['table']});
      google.setOnLoadCallback(drawTable);
      var suiteTableInitFunctions = new Array();
      var suiteTableData = new Array();
    </script>
    <!--
      <script type="text/javascript" src="jquery-ui/js/jquery-ui-1.8.16.custom.min.js"></script>
     -->
  </head>

  <body>
    <div class="top-banner-root">
      <span class="top-banner-title-font">Test results</span>
      <br/>
      <span class="top-banner-font-1">1 suite, 6 failed tests</span>
    </div> <!-- top-banner-root -->
    <div class="navigator-root">
      <div class="navigator-suite-header">
        <span>All suites</span>
        <a href="#" class="collapse-all-link" title="Collapse/expand all the suites">
          <img class="collapse-all-icon" src="collapseall.gif">
          </img> <!-- collapse-all-icon -->
        </a> <!-- collapse-all-link -->
      </div> <!-- navigator-suite-header -->
      <div class="suite">
        <div class="rounded-window">
          <div class="suite-header light-rounded-window-top">
            <a href="#" class="navigator-link" panel-name="suite-HybridFrameWork">
              <span class="suite-name border-failed">HybridFrameWork</span>
            </a> <!-- navigator-link -->
          </div> <!-- suite-header light-rounded-window-top -->
          <div class="navigator-suite-content">
            <div class="suite-section-title">
              <span>Info</span>
            </div> <!-- suite-section-title -->
            <div class="suite-section-content">
              <ul>
                <li>
                  <a href="#" class="navigator-link " panel-name="test-xml-HybridFrameWork">
                    <span>D:\Selenium\Selenium-Practice\Workspace2\HybridFrameWork\src\AgilityTestNGpackage\ParameterReusableTestMethods.xml</span>
                  </a> <!-- navigator-link  -->
                </li>
                <li>
                  <a href="#" class="navigator-link " panel-name="testlist-HybridFrameWork">
                    <span class="test-stats">2 tests</span>
                  </a> <!-- navigator-link  -->
                </li>
                <li>
                  <a href="#" class="navigator-link " panel-name="group-HybridFrameWork">
                    <span>0 groups</span>
                  </a> <!-- navigator-link  -->
                </li>
                <li>
                  <a href="#" class="navigator-link " panel-name="times-HybridFrameWork">
                    <span>Times</span>
                  </a> <!-- navigator-link  -->
                </li>
                <li>
                  <a href="#" class="navigator-link " panel-name="reporter-HybridFrameWork">
                    <span>Reporter output</span>
                  </a> <!-- navigator-link  -->
                </li>
                <li>
                  <a href="#" class="navigator-link " panel-name="ignored-methods-HybridFrameWork">
                    <span>Ignored methods</span>
                  </a> <!-- navigator-link  -->
                </li>
                <li>
                  <a href="#" class="navigator-link " panel-name="chronological-HybridFrameWork">
                    <span>Chronological view</span>
                  </a> <!-- navigator-link  -->
                </li>
              </ul>
            </div> <!-- suite-section-content -->
            <div class="result-section">
              <div class="suite-section-title">
                <span>Results</span>
              </div> <!-- suite-section-title -->
              <div class="suite-section-content">
                <ul>
                  <li>
                    <span class="method-stats">18 methods, 6 failed,   12 passed</span>
                  </li>
                  <li>
                    <span class="method-list-title failed">Failed methods</span>
                    <span class="show-or-hide-methods failed">
                      <a href="#" panel-name="suite-HybridFrameWork" class="hide-methods failed suite-HybridFrameWork"> (hide)</a> <!-- hide-methods failed suite-HybridFrameWork -->
                      <a href="#" panel-name="suite-HybridFrameWork" class="show-methods failed suite-HybridFrameWork"> (show)</a> <!-- show-methods failed suite-HybridFrameWork -->
                    </span>
                    <div class="method-list-content failed suite-HybridFrameWork">
                      <span>
                        <img width="3%" src="failed.png"/>
                        <a href="#" class="method navigator-link" panel-name="suite-HybridFrameWork" title="AgilityTestNGpackage.ReusableTestMethods" hash-for-method="checkMonitorAndMeasure">checkMonitorAndMeasure</a> <!-- method navigator-link -->
                      </span>
                      <br/>
                      <span>
                        <img width="3%" src="failed.png"/>
                        <a href="#" class="method navigator-link" panel-name="suite-HybridFrameWork" title="AgilityTestNGpackage.ReusableTestMethods" hash-for-method="checkingColours">checkingColours</a> <!-- method navigator-link -->
                      </span>
                      <br/>
                      <span>
                        <img width="3%" src="failed.png"/>
                        <a href="#" class="method navigator-link" panel-name="suite-HybridFrameWork" title="AgilityTestNGpackage.ReusableTestMethods" hash-for-method="countingFlipperCards">countingFlipperCards</a> <!-- method navigator-link -->
                      </span>
                      <br/>
                      <span>
                        <img width="3%" src="failed.png"/>
                        <a href="#" class="method navigator-link" panel-name="suite-HybridFrameWork" title="AgilityTestNGpackage.ReusableTestMethods" hash-for-method="recurrenceButtonCheck">recurrenceButtonCheck</a> <!-- method navigator-link -->
                      </span>
                      <br/>
                      <span>
                        <img width="3%" src="failed.png"/>
                        <a href="#" class="method navigator-link" panel-name="suite-HybridFrameWork" title="AgilityTestNGpackage.ReusableTestMethods" hash-for-method="selectDatePicker(13/3/2019, 23/8/2019)">selectDatePicker(13/3/2019, 23/8/2019)</a> <!-- method navigator-link -->
                      </span>
                      <br/>
                      <span>
                        <img width="3%" src="failed.png"/>
                        <a href="#" class="method navigator-link" panel-name="suite-HybridFrameWork" title="AgilityTestNGpackage.ReusableTestMethods" hash-for-method="selectDropDownBox(C:\\Users\\rgunturu\\Desktop\\JavaPractise\\HybridFrameWork Shared Folder\\Test Result\\A_dropDownBo...)">selectDropDownBox(C:\\Users\\rgunturu\\Desktop\\JavaPractise\\HybridFrameWork Shared Folder\\Test Result\\A_dropDownBo...)</a> <!-- method navigator-link -->
                      </span>
                      <br/>
                    </div> <!-- method-list-content failed suite-HybridFrameWork -->
                  </li>
                  <li>
                    <span class="method-list-title passed">Passed methods</span>
                    <span class="show-or-hide-methods passed">
                      <a href="#" panel-name="suite-HybridFrameWork" class="hide-methods passed suite-HybridFrameWork"> (hide)</a> <!-- hide-methods passed suite-HybridFrameWork -->
                      <a href="#" panel-name="suite-HybridFrameWork" class="show-methods passed suite-HybridFrameWork"> (show)</a> <!-- show-methods passed suite-HybridFrameWork -->
                    </span>
                    <div class="method-list-content passed suite-HybridFrameWork">
                      <span>
                        <img width="3%" src="passed.png"/>
                        <a href="#" class="method navigator-link" panel-name="suite-HybridFrameWork" title="AgilityTestNGpackage.ReusableTestMethods" hash-for-method="checkCountInDropDownBox(18)">checkCountInDropDownBox(18)</a> <!-- method navigator-link -->
                      </span>
                      <br/>
                      <span>
                        <img width="3%" src="passed.png"/>
                        <a href="#" class="method navigator-link" panel-name="suite-HybridFrameWork" title="AgilityTestNGpackage.ReusableTestMethods" hash-for-method="checkCountInDropDownBox(28)">checkCountInDropDownBox(28)</a> <!-- method navigator-link -->
                      </span>
                      <br/>
                      <span>
                        <img width="3%" src="passed.png"/>
                        <a href="#" class="method navigator-link" panel-name="suite-HybridFrameWork" title="AgilityTestNGpackage.ReusableTestMethods" hash-for-method="checkMonitorAndMeasure">checkMonitorAndMeasure</a> <!-- method navigator-link -->
                      </span>
                      <br/>
                      <span>
                        <img width="3%" src="passed.png"/>
                        <a href="#" class="method navigator-link" panel-name="suite-HybridFrameWork" title="AgilityTestNGpackage.ReusableTestMethods" hash-for-method="checkingColours">checkingColours</a> <!-- method navigator-link -->
                      </span>
                      <br/>
                      <span>
                        <img width="3%" src="passed.png"/>
                        <a href="#" class="method navigator-link" panel-name="suite-HybridFrameWork" title="AgilityTestNGpackage.ReusableTestMethods" hash-for-method="countingFlipperCards">countingFlipperCards</a> <!-- method navigator-link -->
                      </span>
                      <br/>
                      <span>
                        <img width="3%" src="passed.png"/>
                        <a href="#" class="method navigator-link" panel-name="suite-HybridFrameWork" title="AgilityTestNGpackage.ReusableTestMethods" hash-for-method="enterLoginDetails(rgunturu, !@Htcbaka7101)">enterLoginDetails(rgunturu, !@Htcbaka7101)</a> <!-- method navigator-link -->
                      </span>
                      <br/>
                      <span>
                        <img width="3%" src="passed.png"/>
                        <a href="#" class="method navigator-link" panel-name="suite-HybridFrameWork" title="AgilityTestNGpackage.ReusableTestMethods" hash-for-method="enterLoginDetails(rgunturu, !@Htcbaka7101)">enterLoginDetails(rgunturu, !@Htcbaka7101)</a> <!-- method navigator-link -->
                      </span>
                      <br/>
                      <span>
                        <img width="3%" src="passed.png"/>
                        <a href="#" class="method navigator-link" panel-name="suite-HybridFrameWork" title="AgilityTestNGpackage.ReusableTestMethods" hash-for-method="launchApplicationChrome(http://10.201.208.130:8084/login)">launchApplicationChrome(http://10.201.208.130:8084/login)</a> <!-- method navigator-link -->
                      </span>
                      <br/>
                      <span>
                        <img width="3%" src="passed.png"/>
                        <a href="#" class="method navigator-link" panel-name="suite-HybridFrameWork" title="AgilityTestNGpackage.ReusableTestMethods" hash-for-method="launchApplicationChrome(http://10.201.208.130:8084/login)">launchApplicationChrome(http://10.201.208.130:8084/login)</a> <!-- method navigator-link -->
                      </span>
                      <br/>
                      <span>
                        <img width="3%" src="passed.png"/>
                        <a href="#" class="method navigator-link" panel-name="suite-HybridFrameWork" title="AgilityTestNGpackage.ReusableTestMethods" hash-for-method="recurrenceButtonCheck">recurrenceButtonCheck</a> <!-- method navigator-link -->
                      </span>
                      <br/>
                      <span>
                        <img width="3%" src="passed.png"/>
                        <a href="#" class="method navigator-link" panel-name="suite-HybridFrameWork" title="AgilityTestNGpackage.ReusableTestMethods" hash-for-method="selectDatePicker(13/2/2019, 23/6/2019)">selectDatePicker(13/2/2019, 23/6/2019)</a> <!-- method navigator-link -->
                      </span>
                      <br/>
                      <span>
                        <img width="3%" src="passed.png"/>
                        <a href="#" class="method navigator-link" panel-name="suite-HybridFrameWork" title="AgilityTestNGpackage.ReusableTestMethods" hash-for-method="selectDropDownBox(C:\\Users\\rgunturu\\Desktop\\JavaPractise\\HybridFrameWork Shared Folder\\Test Result\\A_dropDownBo...)">selectDropDownBox(C:\\Users\\rgunturu\\Desktop\\JavaPractise\\HybridFrameWork Shared Folder\\Test Result\\A_dropDownBo...)</a> <!-- method navigator-link -->
                      </span>
                      <br/>
                    </div> <!-- method-list-content passed suite-HybridFrameWork -->
                  </li>
                </ul>
              </div> <!-- suite-section-content -->
            </div> <!-- result-section -->
          </div> <!-- navigator-suite-content -->
        </div> <!-- rounded-window -->
      </div> <!-- suite -->
    </div> <!-- navigator-root -->
    <div class="wrapper">
      <div class="main-panel-root">
        <div panel-name="suite-HybridFrameWork" class="panel HybridFrameWork">
          <div class="suite-HybridFrameWork-class-failed">
            <div class="main-panel-header rounded-window-top">
              <img src="failed.png"/>
              <span class="class-name">AgilityTestNGpackage.ReusableTestMethods</span>
            </div> <!-- main-panel-header rounded-window-top -->
            <div class="main-panel-content rounded-window-bottom">
              <div class="method">
                <div class="method-content">
                  <a name="checkMonitorAndMeasure">
                  </a> <!-- checkMonitorAndMeasure -->
                  <span class="method-name">checkMonitorAndMeasure</span>
                  <div class="stack-trace">org.openqa.selenium.NoSuchElementException: no such element: Unable to locate element: {&quot;method&quot;:&quot;xpath&quot;,&quot;selector&quot;:&quot;/html/body/app-root/app-mainpage/mat-sidenav-container/mat-sidenav-content/app-monitoring-measurements/div/div[2]/div[1]/div/div[1]/div/span&quot;}
  (Session info: chrome=76.0.3809.132)
  (Driver info: chromedriver=76.0.3809.126 (d80a294506b4c9d18015e755cee48f953ddc3f2f-refs/branch-heads/3809@{#1024}),platform=Windows NT 6.1.7601 SP1 x86) (WARNING: The server did not provide any stacktrace information)
Command duration or timeout: 20.05 seconds
For documentation on this error, please visit: http://seleniumhq.org/exceptions/no_such_element.html
Build info: version: &apos;2.44.0&apos;, revision: &apos;76d78cf&apos;, time: &apos;2014-10-23 20:02:37&apos;
System info: host: &apos;US1LT-RGUNTURU&apos;, ip: &apos;10.192.4.125&apos;, os.name: &apos;Windows 7&apos;, os.arch: &apos;x86&apos;, os.version: &apos;6.1&apos;, java.version: &apos;1.8.0_212&apos;
Driver info: org.openqa.selenium.chrome.ChromeDriver
Capabilities [{mobileEmulationEnabled=false, timeouts={implicit=0, pageLoad=300000, script=30000}, hasTouchScreen=false, platform=XP, acceptSslCerts=false, goog:chromeOptions={debuggerAddress=localhost:54935}, acceptInsecureCerts=false, webStorageEnabled=true, browserName=chrome, takesScreenshot=true, javascriptEnabled=true, setWindowRect=true, unexpectedAlertBehaviour=ignore, applicationCacheEnabled=false, rotatable=false, networkConnectionEnabled=false, chrome={chromedriverVersion=76.0.3809.126 (d80a294506b4c9d18015e755cee48f953ddc3f2f-refs/branch-heads/3809@{#1024}), userDataDir=C:\Users\rgunturu\AppData\Local\Temp\scoped_dir8652_1802743441}, takesHeapSnapshot=true, pageLoadStrategy=normal, strictFileInteractability=false, databaseEnabled=false, handlesAlerts=true, version=76.0.3809.132, browserConnectionEnabled=false, proxy={}, nativeEvents=true, locationContextEnabled=true, cssSelectorsEnabled=true}]
Session ID: 67020816a4e90544f8c786ed751a3a3b
	at org.openqa.selenium.remote.ErrorHandler.createThrowable(ErrorHandler.java:204)
	at org.openqa.selenium.remote.ErrorHandler.throwIfResponseFailed(ErrorHandler.java:156)
	at org.openqa.selenium.remote.RemoteWebDriver.execute(RemoteWebDriver.java:599)
	at org.openqa.selenium.remote.RemoteWebDriver.findElement(RemoteWebDriver.java:352)
	at org.openqa.selenium.remote.RemoteWebDriver.findElementByXPath(RemoteWebDriver.java:449)
	at org.openqa.selenium.By$ByXPath.findElement(By.java:357)
	at org.openqa.selenium.remote.RemoteWebDriver.findElement(RemoteWebDriver.java:344)
	at org.openqa.selenium.support.pagefactory.DefaultElementLocator.findElement(DefaultElementLocator.java:59)
	at org.openqa.selenium.support.pagefactory.internal.LocatingElementHandler.invoke(LocatingElementHandler.java:37)
	at com.sun.proxy.$Proxy8.getAttribute(Unknown Source)
	at AgilityTestNGpackage.ReusableTestMethods.checkMonitorAndMeasure(ReusableTestMethods.java:178)
... Removed 28 stack frames
</div> <!-- stack-trace -->
                </div> <!-- method-content -->
              </div> <!-- method -->
              <div class="method">
                <div class="method-content">
                  <a name="checkingColours">
                  </a> <!-- checkingColours -->
                  <span class="method-name">checkingColours</span>
                  <div class="stack-trace">org.openqa.selenium.NoSuchWindowException: no such window: target window already closed
from unknown error: web view not found
  (Session info: chrome=76.0.3809.132)
  (Driver info: chromedriver=76.0.3809.126 (d80a294506b4c9d18015e755cee48f953ddc3f2f-refs/branch-heads/3809@{#1024}),platform=Windows NT 6.1.7601 SP1 x86) (WARNING: The server did not provide any stacktrace information)
Command duration or timeout: 23 milliseconds
Build info: version: &apos;2.44.0&apos;, revision: &apos;76d78cf&apos;, time: &apos;2014-10-23 20:02:37&apos;
System info: host: &apos;US1LT-RGUNTURU&apos;, ip: &apos;10.192.4.125&apos;, os.name: &apos;Windows 7&apos;, os.arch: &apos;x86&apos;, os.version: &apos;6.1&apos;, java.version: &apos;1.8.0_212&apos;
Driver info: org.openqa.selenium.chrome.ChromeDriver
Capabilities [{mobileEmulationEnabled=false, timeouts={implicit=0, pageLoad=300000, script=30000}, hasTouchScreen=false, platform=XP, acceptSslCerts=false, goog:chromeOptions={debuggerAddress=localhost:54935}, acceptInsecureCerts=false, webStorageEnabled=true, browserName=chrome, takesScreenshot=true, javascriptEnabled=true, setWindowRect=true, unexpectedAlertBehaviour=ignore, applicationCacheEnabled=false, rotatable=false, networkConnectionEnabled=false, chrome={chromedriverVersion=76.0.3809.126 (d80a294506b4c9d18015e755cee48f953ddc3f2f-refs/branch-heads/3809@{#1024}), userDataDir=C:\Users\rgunturu\AppData\Local\Temp\scoped_dir8652_1802743441}, takesHeapSnapshot=true, pageLoadStrategy=normal, strictFileInteractability=false, databaseEnabled=false, handlesAlerts=true, version=76.0.3809.132, browserConnectionEnabled=false, proxy={}, nativeEvents=true, locationContextEnabled=true, cssSelectorsEnabled=true}]
Session ID: 67020816a4e90544f8c786ed751a3a3b
	at org.openqa.selenium.remote.ErrorHandler.createThrowable(ErrorHandler.java:204)
	at org.openqa.selenium.remote.ErrorHandler.throwIfResponseFailed(ErrorHandler.java:156)
	at org.openqa.selenium.remote.RemoteWebDriver.execute(RemoteWebDriver.java:599)
	at org.openqa.selenium.remote.RemoteWebDriver.findElement(RemoteWebDriver.java:352)
	at org.openqa.selenium.remote.RemoteWebDriver.findElementByXPath(RemoteWebDriver.java:449)
	at org.openqa.selenium.By$ByXPath.findElement(By.java:357)
	at org.openqa.selenium.remote.RemoteWebDriver.findElement(RemoteWebDriver.java:344)
	at org.openqa.selenium.support.pagefactory.DefaultElementLocator.findElement(DefaultElementLocator.java:59)
	at org.openqa.selenium.support.pagefactory.internal.LocatingElementHandler.invoke(LocatingElementHandler.java:37)
	at com.sun.proxy.$Proxy8.getCssValue(Unknown Source)
	at AgilityTestNGpackage.ReusableTestMethods.checkingColours(ReusableTestMethods.java:476)
... Removed 28 stack frames
</div> <!-- stack-trace -->
                </div> <!-- method-content -->
              </div> <!-- method -->
              <div class="method">
                <div class="method-content">
                  <a name="countingFlipperCards">
                  </a> <!-- countingFlipperCards -->
                  <span class="method-name">countingFlipperCards</span>
                  <div class="stack-trace">java.lang.NullPointerException
	at AgilityTestNGpackage.ReusableTestMethods.countingFlipperCards(ReusableTestMethods.java:418)
... Removed 24 stack frames
</div> <!-- stack-trace -->
                </div> <!-- method-content -->
              </div> <!-- method -->
              <div class="method">
                <div class="method-content">
                  <a name="recurrenceButtonCheck">
                  </a> <!-- recurrenceButtonCheck -->
                  <span class="method-name">recurrenceButtonCheck</span>
                  <div class="stack-trace">org.openqa.selenium.NoSuchWindowException: no such window: target window already closed
from unknown error: web view not found
  (Session info: chrome=76.0.3809.132)
  (Driver info: chromedriver=76.0.3809.126 (d80a294506b4c9d18015e755cee48f953ddc3f2f-refs/branch-heads/3809@{#1024}),platform=Windows NT 6.1.7601 SP1 x86) (WARNING: The server did not provide any stacktrace information)
Command duration or timeout: 5 milliseconds
Build info: version: &apos;2.44.0&apos;, revision: &apos;76d78cf&apos;, time: &apos;2014-10-23 20:02:37&apos;
System info: host: &apos;US1LT-RGUNTURU&apos;, ip: &apos;10.192.4.125&apos;, os.name: &apos;Windows 7&apos;, os.arch: &apos;x86&apos;, os.version: &apos;6.1&apos;, java.version: &apos;1.8.0_212&apos;
Driver info: org.openqa.selenium.chrome.ChromeDriver
Capabilities [{mobileEmulationEnabled=false, timeouts={implicit=0, pageLoad=300000, script=30000}, hasTouchScreen=false, platform=XP, acceptSslCerts=false, goog:chromeOptions={debuggerAddress=localhost:54935}, acceptInsecureCerts=false, webStorageEnabled=true, browserName=chrome, takesScreenshot=true, javascriptEnabled=true, setWindowRect=true, unexpectedAlertBehaviour=ignore, applicationCacheEnabled=false, rotatable=false, networkConnectionEnabled=false, chrome={chromedriverVersion=76.0.3809.126 (d80a294506b4c9d18015e755cee48f953ddc3f2f-refs/branch-heads/3809@{#1024}), userDataDir=C:\Users\rgunturu\AppData\Local\Temp\scoped_dir8652_1802743441}, takesHeapSnapshot=true, pageLoadStrategy=normal, strictFileInteractability=false, databaseEnabled=false, handlesAlerts=true, version=76.0.3809.132, browserConnectionEnabled=false, proxy={}, nativeEvents=true, locationContextEnabled=true, cssSelectorsEnabled=true}]
Session ID: 67020816a4e90544f8c786ed751a3a3b
	at org.openqa.selenium.remote.ErrorHandler.createThrowable(ErrorHandler.java:204)
	at org.openqa.selenium.remote.ErrorHandler.throwIfResponseFailed(ErrorHandler.java:156)
	at org.openqa.selenium.remote.RemoteWebDriver.execute(RemoteWebDriver.java:599)
	at org.openqa.selenium.remote.RemoteWebDriver.findElement(RemoteWebDriver.java:352)
	at org.openqa.selenium.remote.RemoteWebDriver.findElementByXPath(RemoteWebDriver.java:449)
	at org.openqa.selenium.By$ByXPath.findElement(By.java:357)
	at org.openqa.selenium.remote.RemoteWebDriver.findElement(RemoteWebDriver.java:344)
	at org.openqa.selenium.support.pagefactory.DefaultElementLocator.findElement(DefaultElementLocator.java:59)
	at org.openqa.selenium.support.pagefactory.internal.LocatingElementHandler.invoke(LocatingElementHandler.java:37)
	at com.sun.proxy.$Proxy8.getWrappedElement(Unknown Source)
	at org.openqa.selenium.remote.internal.WebElementToJsonConverter.apply(WebElementToJsonConverter.java:48)
	at com.google.common.collect.Iterators$8.transform(Iterators.java:799)
	at com.google.common.collect.TransformedIterator.next(TransformedIterator.java:48)
	at com.google.common.collect.Iterators.addAll(Iterators.java:362)
	at com.google.common.collect.Lists.newArrayList(Lists.java:160)
	at com.google.common.collect.Lists.newArrayList(Lists.java:144)
	at org.openqa.selenium.remote.RemoteWebDriver.executeScript(RemoteWebDriver.java:506)
	at AgilityTestNGpackage.ReusableTestMethods.recurrenceButtonCheck(ReusableTestMethods.java:440)
... Removed 28 stack frames
</div> <!-- stack-trace -->
                </div> <!-- method-content -->
              </div> <!-- method -->
              <div class="method">
                <div class="method-content">
                  <a name="selectDatePicker(13/3/2019, 23/8/2019)">
                  </a> <!-- selectDatePicker(13/3/2019, 23/8/2019) -->
                  <span class="method-name">selectDatePicker</span>
                  <span class="parameters">(13/3/2019, 23/8/2019)</span>
                  <div class="stack-trace">org.openqa.selenium.NoSuchElementException: no such element: Unable to locate element: {&quot;method&quot;:&quot;xpath&quot;,&quot;selector&quot;:&quot;//*[@id=&apos;mat-input-2&apos;]&quot;}
  (Session info: chrome=76.0.3809.132)
  (Driver info: chromedriver=76.0.3809.126 (d80a294506b4c9d18015e755cee48f953ddc3f2f-refs/branch-heads/3809@{#1024}),platform=Windows NT 6.1.7601 SP1 x86) (WARNING: The server did not provide any stacktrace information)
Command duration or timeout: 20.06 seconds
For documentation on this error, please visit: http://seleniumhq.org/exceptions/no_such_element.html
Build info: version: &apos;2.44.0&apos;, revision: &apos;76d78cf&apos;, time: &apos;2014-10-23 20:02:37&apos;
System info: host: &apos;US1LT-RGUNTURU&apos;, ip: &apos;10.192.4.125&apos;, os.name: &apos;Windows 7&apos;, os.arch: &apos;x86&apos;, os.version: &apos;6.1&apos;, java.version: &apos;1.8.0_212&apos;
Driver info: org.openqa.selenium.chrome.ChromeDriver
Capabilities [{mobileEmulationEnabled=false, timeouts={implicit=0, pageLoad=300000, script=30000}, hasTouchScreen=false, platform=XP, acceptSslCerts=false, goog:chromeOptions={debuggerAddress=localhost:54935}, acceptInsecureCerts=false, webStorageEnabled=true, browserName=chrome, takesScreenshot=true, javascriptEnabled=true, setWindowRect=true, unexpectedAlertBehaviour=ignore, applicationCacheEnabled=false, rotatable=false, networkConnectionEnabled=false, chrome={chromedriverVersion=76.0.3809.126 (d80a294506b4c9d18015e755cee48f953ddc3f2f-refs/branch-heads/3809@{#1024}), userDataDir=C:\Users\rgunturu\AppData\Local\Temp\scoped_dir8652_1802743441}, takesHeapSnapshot=true, pageLoadStrategy=normal, strictFileInteractability=false, databaseEnabled=false, handlesAlerts=true, version=76.0.3809.132, browserConnectionEnabled=false, proxy={}, nativeEvents=true, locationContextEnabled=true, cssSelectorsEnabled=true}]
Session ID: 67020816a4e90544f8c786ed751a3a3b
	at org.openqa.selenium.remote.ErrorHandler.createThrowable(ErrorHandler.java:204)
	at org.openqa.selenium.remote.ErrorHandler.throwIfResponseFailed(ErrorHandler.java:156)
	at org.openqa.selenium.remote.RemoteWebDriver.execute(RemoteWebDriver.java:599)
	at org.openqa.selenium.remote.RemoteWebDriver.findElement(RemoteWebDriver.java:352)
	at org.openqa.selenium.remote.RemoteWebDriver.findElementByXPath(RemoteWebDriver.java:449)
	at org.openqa.selenium.By$ByXPath.findElement(By.java:357)
	at org.openqa.selenium.remote.RemoteWebDriver.findElement(RemoteWebDriver.java:344)
	at org.openqa.selenium.support.pagefactory.DefaultElementLocator.findElement(DefaultElementLocator.java:59)
	at org.openqa.selenium.support.pagefactory.internal.LocatingElementHandler.invoke(LocatingElementHandler.java:37)
	at com.sun.proxy.$Proxy8.click(Unknown Source)
	at AgilityTestNGpackage.ReusableTestMethods.selectDatePicker(ReusableTestMethods.java:212)
... Removed 28 stack frames
</div> <!-- stack-trace -->
                </div> <!-- method-content -->
              </div> <!-- method -->
              <div class="method">
                <div class="method-content">
                  <a name="selectDropDownBox(C:\\Users\\rgunturu\\Desktop\\JavaPractise\\HybridFrameWork Shared Folder\\Test Result\\A_dropDownBo...)">
                  </a> <!-- selectDropDownBox(C:\\Users\\rgunturu\\Desktop\\JavaPractise\\HybridFrameWork Shared Folder\\Test Result\\A_dropDownBo...) -->
                  <span class="method-name">selectDropDownBox</span>
                  <span class="parameters">(C:\\Users\\rgunturu\\Desktop\\JavaPractise\\HybridFrameWork Shared Folder\\Test Result\\A_dropDownBoxSelected.png)</span>
                  <div class="stack-trace">org.openqa.selenium.WebDriverException: element click intercepted: Element is not clickable at point (608, 453)
  (Session info: chrome=76.0.3809.132)
  (Driver info: chromedriver=76.0.3809.126 (d80a294506b4c9d18015e755cee48f953ddc3f2f-refs/branch-heads/3809@{#1024}),platform=Windows NT 6.1.7601 SP1 x86) (WARNING: The server did not provide any stacktrace information)
Command duration or timeout: 109 milliseconds
Build info: version: &apos;2.44.0&apos;, revision: &apos;76d78cf&apos;, time: &apos;2014-10-23 20:02:37&apos;
System info: host: &apos;US1LT-RGUNTURU&apos;, ip: &apos;10.192.4.125&apos;, os.name: &apos;Windows 7&apos;, os.arch: &apos;x86&apos;, os.version: &apos;6.1&apos;, java.version: &apos;1.8.0_212&apos;
Driver info: org.openqa.selenium.chrome.ChromeDriver
Capabilities [{mobileEmulationEnabled=false, timeouts={implicit=0, pageLoad=300000, script=30000}, hasTouchScreen=false, platform=XP, acceptSslCerts=false, goog:chromeOptions={debuggerAddress=localhost:54935}, acceptInsecureCerts=false, webStorageEnabled=true, browserName=chrome, takesScreenshot=true, javascriptEnabled=true, setWindowRect=true, unexpectedAlertBehaviour=ignore, applicationCacheEnabled=false, rotatable=false, networkConnectionEnabled=false, chrome={chromedriverVersion=76.0.3809.126 (d80a294506b4c9d18015e755cee48f953ddc3f2f-refs/branch-heads/3809@{#1024}), userDataDir=C:\Users\rgunturu\AppData\Local\Temp\scoped_dir8652_1802743441}, takesHeapSnapshot=true, pageLoadStrategy=normal, strictFileInteractability=false, databaseEnabled=false, handlesAlerts=true, version=76.0.3809.132, browserConnectionEnabled=false, proxy={}, nativeEvents=true, locationContextEnabled=true, cssSelectorsEnabled=true}]
Session ID: 67020816a4e90544f8c786ed751a3a3b
	at org.openqa.selenium.remote.ErrorHandler.createThrowable(ErrorHandler.java:204)
	at org.openqa.selenium.remote.ErrorHandler.throwIfResponseFailed(ErrorHandler.java:156)
	at org.openqa.selenium.remote.RemoteWebDriver.execute(RemoteWebDriver.java:599)
	at org.openqa.selenium.remote.RemoteWebElement.execute(RemoteWebElement.java:268)
	at org.openqa.selenium.remote.RemoteWebElement.click(RemoteWebElement.java:79)
	at org.openqa.selenium.support.pagefactory.internal.LocatingElementHandler.invoke(LocatingElementHandler.java:50)
	at com.sun.proxy.$Proxy8.click(Unknown Source)
	at AgilityTestNGpackage.ReusableTestMethods.selectDropDownBox(ReusableTestMethods.java:159)
... Removed 32 stack frames
</div> <!-- stack-trace -->
                </div> <!-- method-content -->
              </div> <!-- method -->
            </div> <!-- main-panel-content rounded-window-bottom -->
          </div> <!-- suite-HybridFrameWork-class-failed -->
          <div class="suite-HybridFrameWork-class-passed">
            <div class="main-panel-header rounded-window-top">
              <img src="passed.png"/>
              <span class="class-name">AgilityTestNGpackage.ReusableTestMethods</span>
            </div> <!-- main-panel-header rounded-window-top -->
            <div class="main-panel-content rounded-window-bottom">
              <div class="method">
                <div class="method-content">
                  <a name="checkCountInDropDownBox(18)">
                  </a> <!-- checkCountInDropDownBox(18) -->
                  <span class="method-name">checkCountInDropDownBox</span>
                  <span class="parameters">(18)</span>
                </div> <!-- method-content -->
              </div> <!-- method -->
              <div class="method">
                <div class="method-content">
                  <a name="checkCountInDropDownBox(28)">
                  </a> <!-- checkCountInDropDownBox(28) -->
                  <span class="method-name">checkCountInDropDownBox</span>
                  <span class="parameters">(28)</span>
                </div> <!-- method-content -->
              </div> <!-- method -->
              <div class="method">
                <div class="method-content">
                  <a name="checkMonitorAndMeasure">
                  </a> <!-- checkMonitorAndMeasure -->
                  <span class="method-name">checkMonitorAndMeasure</span>
                </div> <!-- method-content -->
              </div> <!-- method -->
              <div class="method">
                <div class="method-content">
                  <a name="checkingColours">
                  </a> <!-- checkingColours -->
                  <span class="method-name">checkingColours</span>
                </div> <!-- method-content -->
              </div> <!-- method -->
              <div class="method">
                <div class="method-content">
                  <a name="countingFlipperCards">
                  </a> <!-- countingFlipperCards -->
                  <span class="method-name">countingFlipperCards</span>
                </div> <!-- method-content -->
              </div> <!-- method -->
              <div class="method">
                <div class="method-content">
                  <a name="enterLoginDetails(rgunturu, !@Htcbaka7101)">
                  </a> <!-- enterLoginDetails(rgunturu, !@Htcbaka7101) -->
                  <span class="method-name">enterLoginDetails</span>
                  <span class="parameters">(rgunturu, !@Htcbaka7101)</span>
                </div> <!-- method-content -->
              </div> <!-- method -->
              <div class="method">
                <div class="method-content">
                  <a name="enterLoginDetails(rgunturu, !@Htcbaka7101)">
                  </a> <!-- enterLoginDetails(rgunturu, !@Htcbaka7101) -->
                  <span class="method-name">enterLoginDetails</span>
                  <span class="parameters">(rgunturu, !@Htcbaka7101)</span>
                </div> <!-- method-content -->
              </div> <!-- method -->
              <div class="method">
                <div class="method-content">
                  <a name="launchApplicationChrome(http://10.201.208.130:8084/login)">
                  </a> <!-- launchApplicationChrome(http://10.201.208.130:8084/login) -->
                  <span class="method-name">launchApplicationChrome</span>
                  <span class="parameters">(http://10.201.208.130:8084/login)</span>
                </div> <!-- method-content -->
              </div> <!-- method -->
              <div class="method">
                <div class="method-content">
                  <a name="launchApplicationChrome(http://10.201.208.130:8084/login)">
                  </a> <!-- launchApplicationChrome(http://10.201.208.130:8084/login) -->
                  <span class="method-name">launchApplicationChrome</span>
                  <span class="parameters">(http://10.201.208.130:8084/login)</span>
                </div> <!-- method-content -->
              </div> <!-- method -->
              <div class="method">
                <div class="method-content">
                  <a name="recurrenceButtonCheck">
                  </a> <!-- recurrenceButtonCheck -->
                  <span class="method-name">recurrenceButtonCheck</span>
                </div> <!-- method-content -->
              </div> <!-- method -->
              <div class="method">
                <div class="method-content">
                  <a name="selectDatePicker(13/2/2019, 23/6/2019)">
                  </a> <!-- selectDatePicker(13/2/2019, 23/6/2019) -->
                  <span class="method-name">selectDatePicker</span>
                  <span class="parameters">(13/2/2019, 23/6/2019)</span>
                </div> <!-- method-content -->
              </div> <!-- method -->
              <div class="method">
                <div class="method-content">
                  <a name="selectDropDownBox(C:\\Users\\rgunturu\\Desktop\\JavaPractise\\HybridFrameWork Shared Folder\\Test Result\\A_dropDownBo...)">
                  </a> <!-- selectDropDownBox(C:\\Users\\rgunturu\\Desktop\\JavaPractise\\HybridFrameWork Shared Folder\\Test Result\\A_dropDownBo...) -->
                  <span class="method-name">selectDropDownBox</span>
                  <span class="parameters">(C:\\Users\\rgunturu\\Desktop\\JavaPractise\\HybridFrameWork Shared Folder\\Test Result\\A_dropDownBoxSelected.png)</span>
                </div> <!-- method-content -->
              </div> <!-- method -->
            </div> <!-- main-panel-content rounded-window-bottom -->
          </div> <!-- suite-HybridFrameWork-class-passed -->
        </div> <!-- panel HybridFrameWork -->
        <div panel-name="test-xml-HybridFrameWork" class="panel">
          <div class="main-panel-header rounded-window-top">
            <span class="header-content">D:\Selenium\Selenium-Practice\Workspace2\HybridFrameWork\src\AgilityTestNGpackage\ParameterReusableTestMethods.xml</span>
          </div> <!-- main-panel-header rounded-window-top -->
          <div class="main-panel-content rounded-window-bottom">
            <pre>
&lt;?xml version=&quot;1.0&quot; encoding=&quot;UTF-8&quot;?&gt;
&lt;!DOCTYPE suite SYSTEM &quot;http://testng.org/testng-1.0.dtd&quot;&gt;
&lt;suite name=&quot;HybridFrameWork&quot;&gt;
  &lt;test name=&quot;AgilityTestNGpackage1&quot;&gt;
    &lt;parameter name=&quot;password&quot; value=&quot;!@Htcbaka7101&quot;/&gt;
    &lt;parameter name=&quot;SDate&quot; value=&quot;13/3/2019&quot;/&gt;
    &lt;parameter name=&quot;testFilePath&quot; value=&quot;C:\\Users\\rgunturu\\Desktop\\JavaPractise\\HybridFrameWork Shared Folder\\Test Result\\A_dropDownBoxSelected.png&quot;/&gt;
    &lt;parameter name=&quot;expectedCount&quot; value=&quot;18&quot;/&gt;
    &lt;parameter name=&quot;userid&quot; value=&quot;rgunturu&quot;/&gt;
    &lt;parameter name=&quot;excelFileName&quot; value=&quot;C:\\Users\\rgunturu\\Desktop\\JavaPractise\\HybridFrameWork Shared Folder\\Test Data\\E_DATA.xls&quot;/&gt;
    &lt;parameter name=&quot;url&quot; value=&quot;http://10.201.208.130:8084/login&quot;/&gt;
    &lt;parameter name=&quot;EDate&quot; value=&quot;23/8/2019&quot;/&gt;
    &lt;classes&gt;
      &lt;class name=&quot;AgilityTestNGpackage.ReusableTestMethods&quot;/&gt;
    &lt;/classes&gt;
  &lt;/test&gt; &lt;!-- AgilityTestNGpackage1 --&gt;
  &lt;test name=&quot;AgilityTestNGpackage2&quot;&gt;
    &lt;parameter name=&quot;password&quot; value=&quot;!@Htcbaka7101&quot;/&gt;
    &lt;parameter name=&quot;SDate&quot; value=&quot;13/2/2019&quot;/&gt;
    &lt;parameter name=&quot;testFilePath&quot; value=&quot;C:\\Users\\rgunturu\\Desktop\\JavaPractise\\HybridFrameWork Shared Folder\\Test Result\\A_dropDownBoxSelected.png&quot;/&gt;
    &lt;parameter name=&quot;expectedCount&quot; value=&quot;28&quot;/&gt;
    &lt;parameter name=&quot;userid&quot; value=&quot;rgunturu&quot;/&gt;
    &lt;parameter name=&quot;excelFileName&quot; value=&quot;C:\\Users\\rgunturu\\Desktop\\JavaPractise\\HybridFrameWork Shared Folder\\Test Data\\E_DATA.xls&quot;/&gt;
    &lt;parameter name=&quot;url&quot; value=&quot;http://10.201.208.130:8084/login&quot;/&gt;
    &lt;parameter name=&quot;EDate&quot; value=&quot;23/6/2019&quot;/&gt;
    &lt;classes&gt;
      &lt;class name=&quot;AgilityTestNGpackage.ReusableTestMethods&quot;/&gt;
    &lt;/classes&gt;
  &lt;/test&gt; &lt;!-- AgilityTestNGpackage2 --&gt;
&lt;/suite&gt; &lt;!-- HybridFrameWork --&gt;
            </pre>
          </div> <!-- main-panel-content rounded-window-bottom -->
        </div> <!-- panel -->
        <div panel-name="testlist-HybridFrameWork" class="panel">
          <div class="main-panel-header rounded-window-top">
            <span class="header-content">Tests for HybridFrameWork</span>
          </div> <!-- main-panel-header rounded-window-top -->
          <div class="main-panel-content rounded-window-bottom">
            <ul>
              <li>
                <span class="test-name">AgilityTestNGpackage1 (1 class)</span>
              </li>
              <li>
                <span class="test-name">AgilityTestNGpackage2 (1 class)</span>
              </li>
            </ul>
          </div> <!-- main-panel-content rounded-window-bottom -->
        </div> <!-- panel -->
        <div panel-name="group-HybridFrameWork" class="panel">
          <div class="main-panel-header rounded-window-top">
            <span class="header-content">Groups for HybridFrameWork</span>
          </div> <!-- main-panel-header rounded-window-top -->
          <div class="main-panel-content rounded-window-bottom">
          </div> <!-- main-panel-content rounded-window-bottom -->
        </div> <!-- panel -->
        <div panel-name="times-HybridFrameWork" class="panel">
          <div class="main-panel-header rounded-window-top">
            <span class="header-content">Times for HybridFrameWork</span>
          </div> <!-- main-panel-header rounded-window-top -->
          <div class="main-panel-content rounded-window-bottom">
            <div class="times-div">
              <script type="text/javascript">
suiteTableInitFunctions.push('tableData_HybridFrameWork');
function tableData_HybridFrameWork() {
var data = new google.visualization.DataTable();
data.addColumn('number', 'Number');
data.addColumn('string', 'Method');
data.addColumn('string', 'Class');
data.addColumn('number', 'Time (ms)');
data.addRows(18);
data.setCell(0, 0, 0)
data.setCell(0, 1, 'launchApplicationChrome')
data.setCell(0, 2, 'AgilityTestNGpackage.ReusableTestMethods')
data.setCell(0, 3, 45473);
data.setCell(1, 0, 1)
data.setCell(1, 1, 'launchApplicationChrome')
data.setCell(1, 2, 'AgilityTestNGpackage.ReusableTestMethods')
data.setCell(1, 3, 44516);
data.setCell(2, 0, 2)
data.setCell(2, 1, 'checkMonitorAndMeasure')
data.setCell(2, 2, 'AgilityTestNGpackage.ReusableTestMethods')
data.setCell(2, 3, 20539);
data.setCell(3, 0, 3)
data.setCell(3, 1, 'selectDatePicker')
data.setCell(3, 2, 'AgilityTestNGpackage.ReusableTestMethods')
data.setCell(3, 3, 20396);
data.setCell(4, 0, 4)
data.setCell(4, 1, 'countingFlipperCards')
data.setCell(4, 2, 'AgilityTestNGpackage.ReusableTestMethods')
data.setCell(4, 3, 20143);
data.setCell(5, 0, 5)
data.setCell(5, 1, 'checkCountInDropDownBox')
data.setCell(5, 2, 'AgilityTestNGpackage.ReusableTestMethods')
data.setCell(5, 3, 17101);
data.setCell(6, 0, 6)
data.setCell(6, 1, 'checkCountInDropDownBox')
data.setCell(6, 2, 'AgilityTestNGpackage.ReusableTestMethods')
data.setCell(6, 3, 15408);
data.setCell(7, 0, 7)
data.setCell(7, 1, 'selectDatePicker')
data.setCell(7, 2, 'AgilityTestNGpackage.ReusableTestMethods')
data.setCell(7, 3, 10689);
data.setCell(8, 0, 8)
data.setCell(8, 1, 'selectDropDownBox')
data.setCell(8, 2, 'AgilityTestNGpackage.ReusableTestMethods')
data.setCell(8, 3, 3467);
data.setCell(9, 0, 9)
data.setCell(9, 1, 'enterLoginDetails')
data.setCell(9, 2, 'AgilityTestNGpackage.ReusableTestMethods')
data.setCell(9, 3, 3114);
data.setCell(10, 0, 10)
data.setCell(10, 1, 'enterLoginDetails')
data.setCell(10, 2, 'AgilityTestNGpackage.ReusableTestMethods')
data.setCell(10, 3, 2761);
data.setCell(11, 0, 11)
data.setCell(11, 1, 'selectDropDownBox')
data.setCell(11, 2, 'AgilityTestNGpackage.ReusableTestMethods')
data.setCell(11, 3, 2514);
data.setCell(12, 0, 12)
data.setCell(12, 1, 'recurrenceButtonCheck')
data.setCell(12, 2, 'AgilityTestNGpackage.ReusableTestMethods')
data.setCell(12, 3, 2368);
data.setCell(13, 0, 13)
data.setCell(13, 1, 'checkMonitorAndMeasure')
data.setCell(13, 2, 'AgilityTestNGpackage.ReusableTestMethods')
data.setCell(13, 3, 540);
data.setCell(14, 0, 14)
data.setCell(14, 1, 'checkingColours')
data.setCell(14, 2, 'AgilityTestNGpackage.ReusableTestMethods')
data.setCell(14, 3, 86);
data.setCell(15, 0, 15)
data.setCell(15, 1, 'countingFlipperCards')
data.setCell(15, 2, 'AgilityTestNGpackage.ReusableTestMethods')
data.setCell(15, 3, 72);
data.setCell(16, 0, 16)
data.setCell(16, 1, 'recurrenceButtonCheck')
data.setCell(16, 2, 'AgilityTestNGpackage.ReusableTestMethods')
data.setCell(16, 3, 34);
data.setCell(17, 0, 17)
data.setCell(17, 1, 'checkingColours')
data.setCell(17, 2, 'AgilityTestNGpackage.ReusableTestMethods')
data.setCell(17, 3, 24);
window.suiteTableData['HybridFrameWork']= { tableData: data, tableDiv: 'times-div-HybridFrameWork'}
return data;
}
              </script>
              <span class="suite-total-time">Total running time: 3 minutes</span>
              <div id="times-div-HybridFrameWork">
              </div> <!-- times-div-HybridFrameWork -->
            </div> <!-- times-div -->
          </div> <!-- main-panel-content rounded-window-bottom -->
        </div> <!-- panel -->
        <div panel-name="reporter-HybridFrameWork" class="panel">
          <div class="main-panel-header rounded-window-top">
            <span class="header-content">Reporter output for HybridFrameWork</span>
          </div> <!-- main-panel-header rounded-window-top -->
          <div class="main-panel-content rounded-window-bottom">
          </div> <!-- main-panel-content rounded-window-bottom -->
        </div> <!-- panel -->
        <div panel-name="ignored-methods-HybridFrameWork" class="panel">
          <div class="main-panel-header rounded-window-top">
            <span class="header-content">0 ignored methods</span>
          </div> <!-- main-panel-header rounded-window-top -->
          <div class="main-panel-content rounded-window-bottom">
          </div> <!-- main-panel-content rounded-window-bottom -->
        </div> <!-- panel -->
        <div panel-name="chronological-HybridFrameWork" class="panel">
          <div class="main-panel-header rounded-window-top">
            <span class="header-content">Methods in chronological order</span>
          </div> <!-- main-panel-header rounded-window-top -->
          <div class="main-panel-content rounded-window-bottom">
            <div class="chronological-class">
              <div class="chronological-class-name">AgilityTestNGpackage.ReusableTestMethods</div> <!-- chronological-class-name -->
              <div class="test-method">
                <span class="method-name">launchApplicationChrome(http://10.201.208.130:8084/login)</span>
                <span class="method-start">0 ms</span>
              </div> <!-- test-method -->
              <div class="test-method">
                <span class="method-name">enterLoginDetails(rgunturu, !@Htcbaka7101)</span>
                <span class="method-start">44519 ms</span>
              </div> <!-- test-method -->
              <div class="test-method">
                <span class="method-name">checkCountInDropDownBox(18)</span>
                <span class="method-start">47284 ms</span>
              </div> <!-- test-method -->
              <div class="test-method">
                <img src="failed.png">
                </img>
                <span class="method-name">selectDropDownBox(C:\\Users\\rgunturu\\Desktop\\JavaPractise\\HybridFrameWork Shared Folder\\Test Result\\A_dropDownBo...)</span>
                <span class="method-start">64387 ms</span>
              </div> <!-- test-method -->
              <div class="test-method">
                <img src="failed.png">
                </img>
                <span class="method-name">selectDatePicker(13/3/2019, 23/8/2019)</span>
                <span class="method-start">66913 ms</span>
              </div> <!-- test-method -->
              <div class="test-method">
                <img src="failed.png">
                </img>
                <span class="method-name">checkMonitorAndMeasure</span>
                <span class="method-start">87312 ms</span>
              </div> <!-- test-method -->
              <div class="test-method">
                <img src="failed.png">
                </img>
                <span class="method-name">countingFlipperCards</span>
                <span class="method-start">107853 ms</span>
              </div> <!-- test-method -->
              <div class="test-method">
                <img src="failed.png">
                </img>
                <span class="method-name">recurrenceButtonCheck</span>
                <span class="method-start">128000 ms</span>
              </div> <!-- test-method -->
              <div class="test-method">
                <img src="failed.png">
                </img>
                <span class="method-name">checkingColours</span>
                <span class="method-start">128052 ms</span>
              </div> <!-- test-method -->
              <div class="configuration-class after">
                <img src="failed.png">
                </img>
                <span class="method-name">closeApplication</span>
                <span class="method-start">128080 ms</span>
              </div> <!-- configuration-class after -->
              <div class="test-method">
                <span class="method-name">launchApplicationChrome(http://10.201.208.130:8084/login)</span>
                <span class="method-start">130180 ms</span>
              </div> <!-- test-method -->
              <div class="test-method">
                <span class="method-name">enterLoginDetails(rgunturu, !@Htcbaka7101)</span>
                <span class="method-start">175655 ms</span>
              </div> <!-- test-method -->
              <div class="test-method">
                <span class="method-name">checkCountInDropDownBox(28)</span>
                <span class="method-start">178773 ms</span>
              </div> <!-- test-method -->
              <div class="test-method">
                <span class="method-name">selectDropDownBox(C:\\Users\\rgunturu\\Desktop\\JavaPractise\\HybridFrameWork Shared Folder\\Test Result\\A_dropDownBo...)</span>
                <span class="method-start">194183 ms</span>
              </div> <!-- test-method -->
              <div class="test-method">
                <span class="method-name">selectDatePicker(13/2/2019, 23/6/2019)</span>
                <span class="method-start">197651 ms</span>
              </div> <!-- test-method -->
              <div class="test-method">
                <span class="method-name">checkMonitorAndMeasure</span>
                <span class="method-start">208341 ms</span>
              </div> <!-- test-method -->
              <div class="test-method">
                <span class="method-name">countingFlipperCards</span>
                <span class="method-start">208882 ms</span>
              </div> <!-- test-method -->
              <div class="test-method">
                <span class="method-name">recurrenceButtonCheck</span>
                <span class="method-start">208955 ms</span>
              </div> <!-- test-method -->
              <div class="test-method">
                <span class="method-name">checkingColours</span>
                <span class="method-start">211325 ms</span>
              </div> <!-- test-method -->
              <div class="configuration-class after">
                <span class="method-name">closeApplication</span>
                <span class="method-start">211412 ms</span>
              </div> <!-- configuration-class after -->
          </div> <!-- main-panel-content rounded-window-bottom -->
        </div> <!-- panel -->
      </div> <!-- main-panel-root -->
    </div> <!-- wrapper -->
  </body>
</html>
